<?xml version="1.0" encoding="UTF-8"?>
<testng-results ignored="0" total="1" passed="1" failed="0" skipped="0">
  <reporter-output>
  </reporter-output>
  <suite started-at="2022-01-11T10:42:04 IST" name="Default suite" finished-at="2022-01-11T10:42:12 IST" duration-ms="8459">
    <groups>
    </groups>
    <test started-at="2022-01-11T10:42:04 IST" name="Default test" finished-at="2022-01-11T10:42:12 IST" duration-ms="8459">
      <class name="testCases.Calander">
        <test-method is-config="true" signature="open()[pri:0, instance:testCases.Calander@2b48a640]" started-at="2022-01-11T10:42:04 IST" name="open" finished-at="2022-01-11T10:42:11 IST" duration-ms="7057" status="PASS">
          <reporter-output>
          </reporter-output>
        </test-method> <!-- open -->
        <test-method signature="cal()[pri:0, instance:testCases.Calander@2b48a640]" started-at="2022-01-11T10:42:11 IST" name="cal" finished-at="2022-01-11T10:42:12 IST" duration-ms="844" status="PASS">
          <reporter-output>
          </reporter-output>
        </test-method> <!-- cal -->
        <test-method is-config="true" signature="close()[pri:0, instance:testCases.Calander@2b48a640]" started-at="2022-01-11T10:42:12 IST" name="close" finished-at="2022-01-11T10:42:12 IST" duration-ms="496" status="PASS">
          <reporter-output>
          </reporter-output>
        </test-method> <!-- close -->
      </class> <!-- testCases.Calander -->
    </test> <!-- Default test -->
  </suite> <!-- Default suite -->
</testng-results>
